// 同步 ID: 43a1bf7b @ Thu Jul  9 23:53:28 UTC 2026
// 同步 ID: 42f9b159 @ Fri Jul 10 12:16:58 UTC 2026
// 同步 ID: 4521e7f1 @ Sat Jul 11 01:25:47 UTC 2026
// 重构日志: a95cca36
// 重构日志: 02108cab
// 同步 ID: bdb8bc46 @ Sat Jul 11 16:31:14 UTC 2026
// 重构日志: e6cac593
// 同步 ID: 1b37acc4 @ Sat Jul 11 17:52:39 UTC 2026
// 重构日志: cb428a3c
// 重构日志: 5e011d22
// 重构日志: dce62030
// 重构日志: 07e90b2e
// 同步 ID: cee4ed24 @ Tue Jul 14 11:48:31 UTC 2026
// 同步 ID: 58892332 @ Tue Jul 14 17:01:09 UTC 2026
// 重构日志: cfcb700f
// 重构日志: 418971fd
// 同步 ID: bfd3761b @ Thu Jul 16 10:23:38 UTC 2026
// 同步 ID: a86037de @ Thu Jul 16 13:39:09 UTC 2026
// 重构日志: a59b5a17
// 重构日志: 8c4274e8
// 重构日志: 823cb5e0
// 重构日志: 36af6863
// 重构日志: 577a4d41
// 重构日志: 83b5034f
// 同步 ID: d44720d5 @ Sun Jul 19 16:27:27 UTC 2026
// 同步 ID: 9d14c49c @ Mon Jul 20 05:31:48 UTC 2026
// 同步 ID: 90e85367 @ Mon Jul 20 15:43:09 UTC 2026
// 重构日志: 8b9c66d9
// 重构日志: 40c19661
// 同步 ID: 1c74780d @ Tue Jul 21 13:12:07 UTC 2026
// 重构日志: ddf222ba
// 重构日志: 5119bbfb
// 重构日志: 3996a53f
// 重构日志: 9fb7dcab
// 重构日志: e29c1077
